2025-04-22 06:48:03.687 [info] [main] Log level: Info
2025-04-22 06:48:03.687 [info] [main] Validating found git in: "git"
2025-04-22 06:48:03.687 [info] [main] Using git "2.34.1" from "git"
2025-04-22 06:48:03.687 [info] [Model][doInitialScan] Initial repository scan started
2025-04-22 06:48:03.687 [info] > git rev-parse --show-toplevel [2003ms]
2025-04-22 06:48:03.687 [info] fatal: not a git repository (or any of the parent directories): .git
2025-04-22 06:48:03.688 [info] > git rev-parse --show-toplevel [2ms]
2025-04-22 06:48:03.688 [info] fatal: not a git repository (or any of the parent directories): .git
2025-04-22 06:48:03.693 [info] > git rev-parse --show-toplevel [2ms]
2025-04-22 06:48:03.693 [info] fatal: not a git repository (or any of the parent directories): .git
2025-04-22 06:48:03.697 [info] > git rev-parse --show-toplevel [1ms]
2025-04-22 06:48:03.697 [info] fatal: not a git repository (or any of the parent directories): .git
2025-04-22 06:48:03.701 [info] > git rev-parse --show-toplevel [1ms]
2025-04-22 06:48:03.701 [info] fatal: not a git repository (or any of the parent directories): .git
2025-04-22 06:48:03.705 [info] > git rev-parse --show-toplevel [0ms]
2025-04-22 06:48:03.705 [info] fatal: not a git repository (or any of the parent directories): .git
2025-04-22 06:48:03.709 [info] > git rev-parse --show-toplevel [2ms]
2025-04-22 06:48:03.709 [info] fatal: not a git repository (or any of the parent directories): .git
2025-04-22 06:48:03.712 [info] > git rev-parse --show-toplevel [1ms]
2025-04-22 06:48:03.712 [info] fatal: not a git repository (or any of the parent directories): .git
2025-04-22 06:48:03.723 [info] [Model][doInitialScan] Initial repository scan completed - repositories (0), closed repositories (0), parent repositories (0), unsafe repositories (0)
